<?xml version="1.0" encoding="UTF-8"?>
<!-- Generated by org.testng.reporters.JUnitXMLReporter -->
<testsuite ignored="0" hostname="LAPTOP-GAB8185M" failures="0" tests="4" name="Default test" time="6.376" errors="0" timestamp="2024-09-15T19:25:26 IST">
  <testcase classname="testScenarioOne.MenuCheck" name="test1" time="0.037"/>
  <testcase classname="testScenarioOne.MenuCheck" name="test2" time="0.126"/>
  <testcase classname="testScenarioOne.MenuCheck" name="test3" time="0.239"/>
  <testcase classname="testScenarioOne.MenuCheck" name="test4" time="1.027"/>
</testsuite> <!-- Default test -->
