<?xml version="1.0" encoding="UTF-8"?>
<!-- Generated by org.testng.reporters.JUnitXMLReporter -->
<testsuite hostname="LTIN332257" name="Test2_3" tests="16" failures="0" timestamp="19 Mar 2022 12:32:39 GMT" time="34.809" errors="0">
  <testcase name="test5" time="0.642" classname="testScenarioTwoThree.CabsDataValidation"/>
  <testcase name="test6" time="1.241" classname="testScenarioTwoThree.CabsDataValidation"/>
  <testcase name="test7" time="2.109" classname="testScenarioTwoThree.CabsDataValidation"/>
  <testcase name="test8" time="1.135" classname="testScenarioTwoThree.CabsDataValidation"/>
  <testcase name="test9" time="1.306" classname="testScenarioTwoThree.CabsDataValidation"/>
  <testcase name="test10" time="1.124" classname="testScenarioTwoThree.CabsDataValidation"/>
  <testcase name="test11" time="5.158" classname="testScenarioTwoThree.CabsDataValidation"/>
  <testcase name="test12" time="0.032" classname="testScenarioTwoThree.CabsDataValidation"/>
  <testcase name="test13" time="1.186" classname="testScenarioTwoThree.CabsDataValidation"/>
  <testcase name="test14" time="2.106" classname="testScenarioTwoThree.CabsDataValidation"/>
  <testcase name="test15" time="3.333" classname="testScenarioTwoThree.CabsDataValidation"/>
  <testcase name="test16" time="6.721" classname="testScenarioTwoThree.CabsDataValidation"/>
  <testcase name="test17" time="0.21" classname="testScenarioTwoThree.CabsDataValidation"/>
  <testcase name="test18" time="0.03" classname="testScenarioTwoThree.CabsDataValidation"/>
  <testcase name="test19" time="0.181" classname="testScenarioTwoThree.CabsDataValidation"/>
  <testcase name="test20" time="0.048" classname="testScenarioTwoThree.CabsDataValidation"/>
</testsuite> <!-- Test2_3 -->
