<?xml version="1.0" encoding="UTF-8"?>
<!-- Generated by org.testng.reporters.JUnitXMLReporter -->
<testsuite hostname="LTIN332257" name="Test5" tests="6" failures="0" timestamp="19 Mar 2022 12:33:40 GMT" time="46.177" errors="0">
  <testcase name="test24" time="0.628" classname="testScenarioFive.FormCheck"/>
  <testcase name="test25" time="3.24" classname="testScenarioFive.FormCheck"/>
  <testcase name="test26" time="1.124" classname="testScenarioFive.FormCheck"/>
  <testcase name="test27" time="2.28" classname="testScenarioFive.FormCheck"/>
  <testcase name="test28" time="6.956" classname="testScenarioFive.FormCheck"/>
  <testcase name="test29" time="8.827" classname="testScenarioFive.FormCheckInvalid"/>
</testsuite> <!-- Test5 -->
