<?xml version="1.0" encoding="UTF-8"?>
<!-- Generated by org.testng.reporters.JUnitXMLReporter -->
<testsuite hostname="LTIN332257" name="Test1" tests="4" failures="0" timestamp="19 Mar 2022 12:32:04 GMT" time="17.307" errors="0">
  <testcase name="test1" time="0.032" classname="testScenarioOne.MenuCheck"/>
  <testcase name="test2" time="0.313" classname="testScenarioOne.MenuCheck"/>
  <testcase name="test3" time="0.443" classname="testScenarioOne.MenuCheck"/>
  <testcase name="test4" time="2.339" classname="testScenarioOne.MenuCheck"/>
</testsuite> <!-- Test1 -->
