<?xml version="1.0" encoding="UTF-8"?>
<!-- Generated by org.testng.reporters.JUnitXMLReporter -->
<testsuite hostname="LTIN340261" name="Test2" tests="11" failures="0" timestamp="19 Mar 2022 09:52:11 GMT" time="23.618" errors="0">
  <testcase name="test5" time="0.243" classname="testScenarioTwo.CabsDataValidation"/>
  <testcase name="test6" time="1.382" classname="testScenarioTwo.CabsDataValidation"/>
  <testcase name="test7" time="1.826" classname="testScenarioTwo.CabsDataValidation"/>
  <testcase name="test8" time="1.115" classname="testScenarioTwo.CabsDataValidation"/>
  <testcase name="test9" time="1.214" classname="testScenarioTwo.CabsDataValidation"/>
  <testcase name="test10" time="1.096" classname="testScenarioTwo.CabsDataValidation"/>
  <testcase name="test11" time="5.118" classname="testScenarioTwo.CabsDataValidation"/>
  <testcase name="test12" time="0.026" classname="testScenarioTwo.CabsDataValidation"/>
  <testcase name="test13" time="1.078" classname="testScenarioTwo.CabsDataValidation"/>
  <testcase name="test14" time="2.082" classname="testScenarioTwo.CabsDataValidation"/>
  <testcase name="test15" time="1.4" classname="testScenarioTwo.CabsDataValidation"/>
</testsuite> <!-- Test2 -->
