<?xml version="1.0" encoding="UTF-8"?>
<!-- Generated by org.testng.reporters.JUnitXMLReporter -->
<testsuite hostname="LTIN332257" name="Test6" tests="3" failures="0" timestamp="19 Mar 2022 12:33:50 GMT" time="9.504" errors="0">
  <testcase name="test30" time="0.359" classname="testScenarioSix.HotelDetails"/>
  <testcase name="test31" time="0.157" classname="testScenarioSix.HotelDetails"/>
  <testcase name="test32" time="0.366" classname="testScenarioSix.HotelDetails"/>
</testsuite> <!-- Test6 -->
