<?xml version="1.0" encoding="UTF-8"?>
<!-- Generated by org.testng.reporters.JUnitXMLReporter -->
<testsuite hostname="LTIN332257" name="Test4" tests="3" failures="0" timestamp="19 Mar 2022 12:32:54 GMT" time="14.999" errors="0">
  <testcase name="test21" time="0.034" classname="testScenarioFour.GiftCardVerify"/>
  <testcase name="test22" time="0.186" classname="testScenarioFour.GiftCardVerify"/>
  <testcase name="test23" time="0.164" classname="testScenarioFour.GiftCardVerify"/>
</testsuite> <!-- Test4 -->
