<?xml version="1.0" encoding="UTF-8"?>
<!-- Generated by org.testng.reporters.JUnitXMLReporter -->
<testsuite hostname="LTIN340261" name="Test3" tests="5" failures="0" timestamp="19 Mar 2022 09:52:20 GMT" time="9.085" errors="0">
  <testcase name="test16" time="3.127" classname="testScenarioThree.FilterCheck"/>
  <testcase name="test17" time="0.123" classname="testScenarioThree.FilterCheck"/>
  <testcase name="test18" time="0.025" classname="testScenarioThree.FilterCheck"/>
  <testcase name="test19" time="0.126" classname="testScenarioThree.FilterCheck"/>
  <testcase name="test20" time="0.024" classname="testScenarioThree.FilterCheck"/>
</testsuite> <!-- Test3 -->
