<?xml version="1.0" encoding="UTF-8"?>
<!-- Generated by org.testng.reporters.JUnitXMLReporter -->
<testsuite ignored="5" hostname="LAPTOP-GAB8185M" failures="0" tests="1" name="Test4" time="3.998" errors="0" timestamp="2024-09-15T18:00:45 IST">
  <testcase classname="testScenarioFive.FormCheck" name="@BeforeClass invokeBrowser" time="3.994">
    <failure type="java.lang.AssertionError" message="expected [Gift Cards - Buy Gift Vouchers Online, Gift Vouchers | MakeMyTrip.com] but found [Buy Gift Cards &amp;amp; Vouchers Online from MakeMyTrip]">
      <![CDATA[java.lang.AssertionError: expected [Gift Cards - Buy Gift Vouchers Online, Gift Vouchers | MakeMyTrip.com] but found [Buy Gift Cards & Vouchers Online from MakeMyTrip]
at baseClasses.PageBase.getTitle(PageBase.java:98)
at pages.Home.clickGiftCard(Home.java:66)
at testScenarioFive.FormCheck.invokeBrowser(FormCheck.java:33)
at java.base/java.util.ArrayList.forEach(ArrayList.java:1511)
... Removed 31 stack frames]]>
    </failure>
  </testcase> <!-- @BeforeClass invokeBrowser -->
  <testcase classname="testScenarioFive.FormCheck" name="@AfterClass closeBrowser" time="-1.72640344566E9">
    <skipped/>
  </testcase> <!-- @AfterClass closeBrowser -->
  <testcase classname="testScenarioFive.FormCheck" name="test24" time="0.0">
    <skipped/>
  </testcase> <!-- test24 -->
  <testcase classname="testScenarioFive.FormCheck" name="test27" time="0.0">
    <ignored/>
  </testcase> <!-- test27 -->
  <testcase classname="testScenarioFive.FormCheck" name="test25" time="0.0">
    <ignored/>
  </testcase> <!-- test25 -->
  <testcase classname="testScenarioFive.FormCheck" name="test26" time="0.0">
    <ignored/>
  </testcase> <!-- test26 -->
  <testcase classname="testScenarioFive.FormCheck" name="test28" time="0.0">
    <ignored/>
  </testcase> <!-- test28 -->
  <testcase classname="testScenarioFive.FormCheckInvalid" name="test29" time="0.0">
    <ignored/>
  </testcase> <!-- test29 -->
</testsuite> <!-- Test4 -->
