<?xml version="1.0" encoding="UTF-8"?>
<!-- Generated by org.testng.reporters.JUnitXMLReporter -->
<testsuite ignored="0" hostname="LAPTOP-GAB8185M" failures="0" tests="3" name="Test3" time="4.136" errors="0" timestamp="2024-09-15T18:00:41 IST">
  <testcase classname="testScenarioFour.GiftCardVerify" name="@BeforeClass invokeBrowser" time="4.129">
    <failure type="java.lang.AssertionError" message="expected [Gift Cards - Buy Gift Vouchers Online, Gift Vouchers | MakeMyTrip.com] but found [Buy Gift Cards &amp;amp; Vouchers Online from MakeMyTrip]">
      <![CDATA[java.lang.AssertionError: expected [Gift Cards - Buy Gift Vouchers Online, Gift Vouchers | MakeMyTrip.com] but found [Buy Gift Cards & Vouchers Online from MakeMyTrip]
at baseClasses.PageBase.getTitle(PageBase.java:98)
at pages.Home.clickGiftCard(Home.java:66)
at testScenarioFour.GiftCardVerify.invokeBrowser(GiftCardVerify.java:31)
at java.base/java.util.ArrayList.forEach(ArrayList.java:1511)
... Removed 31 stack frames]]>
    </failure>
  </testcase> <!-- @BeforeClass invokeBrowser -->
  <testcase classname="testScenarioFour.GiftCardVerify" name="@AfterClass closeBrowser" time="-1.726403441656E9">
    <skipped/>
  </testcase> <!-- @AfterClass closeBrowser -->
  <testcase classname="testScenarioFour.GiftCardVerify" name="test21" time="0.0">
    <skipped/>
  </testcase> <!-- test21 -->
  <testcase classname="testScenarioFour.GiftCardVerify" name="test22" time="0.0">
    <skipped/>
  </testcase> <!-- test22 -->
  <testcase classname="testScenarioFour.GiftCardVerify" name="test23" time="0.0">
    <skipped/>
  </testcase> <!-- test23 -->
</testsuite> <!-- Test3 -->
